<?xml version="1.0" encoding="UTF-8"?>
<!-- Generated by org.testng.reporters.JUnitXMLReporter -->
<testsuite ignored="0" hostname="DESKTOP-5VGD0PP" failures="0" tests="5" name="Default test" time="97.009" errors="0" timestamp="2024-04-09T06:22:22 IST">
  <testcase classname="Testcase.Makemytrip" name="validSearch" time="16.628"/>
  <testcase classname="Testcase.Makemytrip" name="validSearch" time="75.75"/>
  <testcase classname="Testcase.Makemytrip" name="SameCityValidation" time="1.493"/>
  <testcase classname="Testcase.Makemytrip" name="SameCityValidation" time="0.624"/>
  <testcase classname="Testcase.Makemytrip" name="SameCityValidation" time="0.598"/>
</testsuite> <!-- Default test -->
