<?xml version="1.0" encoding="UTF-8"?>
<!-- Generated by org.testng.reporters.JUnitXMLReporter -->
<testsuite ignored="0" hostname="DESKTOP-5VGD0PP" failures="1" tests="3" name="Test" time="98.211" errors="0" timestamp="2024-04-08T20:41:09 IST">
  <testcase classname="Testcase.Makemytrip" name="validSearch" time="18.243"/>
  <testcase classname="Testcase.Makemytrip" name="validSearch" time="77.546"/>
  <testcase classname="Testcase.Makemytrip" name="SameCityValidation" time="0.001">
    <failure type="org.testng.internal.reflect.MethodMatcherException" message="
[public void Testcase.Makemytrip.SameCityValidation(java.lang.String,java.lang.String) throws java.lang.InterruptedException] has no parameters defined but was found to be using a data provider (either explicitly specified or inherited from class level annotation).
Data provider mismatch
Method: SameCityValidation([java.lang.String arg0, java.lang.String arg1])
Arguments: [(java.lang.String) MAA,(java.lang.String) MAA,(java.lang.String) 15]">
      <![CDATA[org.testng.internal.reflect.MethodMatcherException: 
[public void Testcase.Makemytrip.SameCityValidation(java.lang.String,java.lang.String) throws java.lang.InterruptedException] has no parameters defined but was found to be using a data provider (either explicitly specified or inherited from class level annotation).
Data provider mismatch
Method: SameCityValidation([java.lang.String arg0, java.lang.String arg1])
Arguments: [(java.lang.String) MAA,(java.lang.String) MAA,(java.lang.String) 15]
at java.base/java.util.ArrayList.forEach(ArrayList.java:1596)
... Removed 22 stack frames]]>
    </failure>
  </testcase> <!-- SameCityValidation -->
</testsuite> <!-- Test -->
